
> desimedia@1.0.0 dev
> next dev

▲ Next.js 16.2.1 (Turbopack)
- Local:         http://localhost:3000
- Network:       http://10.129.49.232:3000
- Environments: .env
✓ Ready in 692ms
Creating turbopack project {
  dir: 'C:\\Users\\vaibhav ghoshi\\OneDrive\\Desktop\\desimedia',
  testMode: true
}

 GET / 200 in 1070ms (next.js: 713ms, application-code: 357ms)
 GET /api/socket/io 200 in 222ms (next.js: 211ms, application-code: 10ms)
[Socket] User cmn9b3qe20000vo3stb79fibc joined their personal room
prisma:query SELECT "public"."ConversationParticipant"."id", "public"."ConversationParticipant"."conversationId", "public"."ConversationParticipant"."userId", "public"."ConversationParticipant"."role"::text, "public"."ConversationParticipant"."joinedAt", "public"."ConversationParticipant"."lastReadMessageId" FROM "public"."ConversationParticipant" WHERE (("public"."ConversationParticipant"."conversationId" = $1 AND "public"."ConversationParticipant"."userId" = $2) AND 1=1) LIMIT $3 OFFSET $4
prisma:query SELECT "public"."Conversation"."id", "public"."Conversation"."type"::text, "public"."Conversation"."groupName", "public"."Conversation"."groupAvatar", "public"."Conversation"."createdById", "public"."Conversation"."createdAt", "public"."Conversation"."updatedAt" FROM "public"."Conversation" WHERE ("public"."Conversation"."id" = $1 AND 1=1) LIMIT $2 OFFSET $3
prisma:query SELECT "public"."ConversationParticipant"."id", "public"."ConversationParticipant"."conversationId", "public"."ConversationParticipant"."userId", "public"."ConversationParticipant"."role"::text, "public"."ConversationParticipant"."joinedAt", "public"."ConversationParticipant"."lastReadMessageId" FROM "public"."ConversationParticipant" WHERE "public"."ConversationParticipant"."conversationId" IN ($1) OFFSET $2
prisma:query SELECT "public"."User"."id", "public"."User"."displayName", "public"."User"."username" FROM "public"."User" WHERE "public"."User"."id" IN ($1,$2) OFFSET $3
prisma:query SELECT "public"."Message"."id", "public"."Message"."conversationId", "public"."Message"."senderId", "public"."Message"."content", "public"."Message"."messageType"::text, "public"."Message"."mediaUrl", "public"."Message"."reactions", "public"."Message"."createdAt", "public"."Message"."updatedAt", "public"."Message"."deletedAt" FROM "public"."Message" WHERE ("public"."Message"."deletedAt" IS NULL AND "public"."Message"."conversationId" IN ($1)) ORDER BY "public"."Message"."createdAt" ASC LIMIT $2 OFFSET $3
 GET /chat/cmn9dbkgf0004vov4sv3qjo7g 200 in 6.0s (next.js: 933ms, application-code: 5.0s)
 GET /api/auth/session 200 in 1212ms (next.js: 1150ms, application-code: 63ms)
prisma:query SELECT "public"."Conversation"."id", "public"."Conversation"."type"::text, "public"."Conversation"."groupName", "public"."Conversation"."groupAvatar", "public"."Conversation"."createdById", "public"."Conversation"."createdAt", "public"."Conversation"."updatedAt" FROM "public"."Conversation" WHERE EXISTS(SELECT "t0"."conversationId" FROM "public"."ConversationParticipant" AS "t0" WHERE ("t0"."userId" = $1 AND ("public"."Conversation"."id") = ("t0"."conversationId") AND "t0"."conversationId" IS NOT NULL)) ORDER BY "public"."Conversation"."updatedAt" DESC LIMIT $2 OFFSET $3
prisma:query SELECT "public"."ConversationParticipant"."id", "public"."ConversationParticipant"."conversationId", "public"."ConversationParticipant"."userId", "public"."ConversationParticipant"."role"::text, "public"."ConversationParticipant"."joinedAt", "public"."ConversationParticipant"."lastReadMessageId" FROM "public"."ConversationParticipant" WHERE "public"."ConversationParticipant"."conversationId" IN ($1,$2) OFFSET $3
prisma:query SELECT "public"."User"."id", "public"."User"."displayName", "public"."User"."username", "public"."User"."avatarUrl" FROM "public"."User" WHERE "public"."User"."id" IN ($1,$2,$3) OFFSET $4
prisma:query SELECT "public"."Message"."id", "public"."Message"."content", "public"."Message"."createdAt", "public"."Message"."senderId", "public"."Message"."conversationId" FROM "public"."Message" WHERE "public"."Message"."conversationId" IN ($1,$2) ORDER BY "public"."Message"."createdAt" DESC OFFSET $3
 GET /api/conversations 200 in 2.5s (next.js: 128ms, application-code: 2.4s)
[Socket] User cmn99740h0000vo4k95iobxmz joined their personal room
prisma:query SELECT 1
prisma:query SELECT "public"."Conversation"."id", "public"."Conversation"."type"::text, "public"."Conversation"."groupName", "public"."Conversation"."groupAvatar", "public"."Conversation"."createdById", "public"."Conversation"."createdAt", "public"."Conversation"."updatedAt" FROM "public"."Conversation" WHERE EXISTS(SELECT "t0"."conversationId" FROM "public"."ConversationParticipant" AS "t0" WHERE ("t0"."userId" = $1 AND ("public"."Conversation"."id") = ("t0"."conversationId") AND "t0"."conversationId" IS NOT NULL)) ORDER BY "public"."Conversation"."updatedAt" DESC LIMIT $2 OFFSET $3
prisma:query SELECT "public"."ConversationParticipant"."id", "public"."ConversationParticipant"."conversationId", "public"."ConversationParticipant"."userId", "public"."ConversationParticipant"."role"::text, "public"."ConversationParticipant"."joinedAt", "public"."ConversationParticipant"."lastReadMessageId" FROM "public"."ConversationParticipant" WHERE "public"."ConversationParticipant"."conversationId" IN ($1,$2) OFFSET $3
prisma:query SELECT "public"."User"."id", "public"."User"."displayName", "public"."User"."username", "public"."User"."avatarUrl" FROM "public"."User" WHERE "public"."User"."id" IN ($1,$2,$3) OFFSET $4
prisma:query SELECT "public"."Message"."id", "public"."Message"."content", "public"."Message"."createdAt", "public"."Message"."senderId", "public"."Message"."conversationId" FROM "public"."Message" WHERE "public"."Message"."conversationId" IN ($1,$2) ORDER BY "public"."Message"."createdAt" DESC OFFSET $3
 GET /api/conversations 200 in 1612ms (next.js: 5ms, application-code: 1607ms)
[Socket] User cmn99740h0000vo4k95iobxmz joined their personal room
prisma:query SELECT 1
prisma:query SELECT "public"."Conversation"."id", "public"."Conversation"."type"::text, "public"."Conversation"."groupName", "public"."Conversation"."groupAvatar", "public"."Conversation"."createdById", "public"."Conversation"."createdAt", "public"."Conversation"."updatedAt" FROM "public"."Conversation" WHERE EXISTS(SELECT "t0"."conversationId" FROM "public"."ConversationParticipant" AS "t0" WHERE ("t0"."userId" = $1 AND ("public"."Conversation"."id") = ("t0"."conversationId") AND "t0"."conversationId" IS NOT NULL)) ORDER BY "public"."Conversation"."updatedAt" DESC LIMIT $2 OFFSET $3
prisma:query SELECT "public"."ConversationParticipant"."id", "public"."ConversationParticipant"."conversationId", "public"."ConversationParticipant"."userId", "public"."ConversationParticipant"."role"::text, "public"."ConversationParticipant"."joinedAt", "public"."ConversationParticipant"."lastReadMessageId" FROM "public"."ConversationParticipant" WHERE "public"."ConversationParticipant"."conversationId" IN ($1,$2) OFFSET $3
prisma:query SELECT "public"."User"."id", "public"."User"."displayName", "public"."User"."username", "public"."User"."avatarUrl" FROM "public"."User" WHERE "public"."User"."id" IN ($1,$2,$3) OFFSET $4
prisma:query SELECT "public"."Message"."id", "public"."Message"."content", "public"."Message"."createdAt", "public"."Message"."senderId", "public"."Message"."conversationId" FROM "public"."Message" WHERE "public"."Message"."conversationId" IN ($1,$2) ORDER BY "public"."Message"."createdAt" DESC OFFSET $3
 GET /api/conversations 200 in 1413ms (next.js: 5ms, application-code: 1408ms)
prisma:query SELECT "public"."Conversation"."id", "public"."Conversation"."type"::text, "public"."Conversation"."groupName", "public"."Conversation"."groupAvatar", "public"."Conversation"."createdById", "public"."Conversation"."createdAt", "public"."Conversation"."updatedAt" FROM "public"."Conversation" WHERE EXISTS(SELECT "t0"."conversationId" FROM "public"."ConversationParticipant" AS "t0" WHERE ("t0"."userId" = $1 AND ("public"."Conversation"."id") = ("t0"."conversationId") AND "t0"."conversationId" IS NOT NULL)) ORDER BY "public"."Conversation"."updatedAt" DESC LIMIT $2 OFFSET $3
prisma:query SELECT "public"."ConversationParticipant"."id", "public"."ConversationParticipant"."conversationId", "public"."ConversationParticipant"."userId", "public"."ConversationParticipant"."role"::text, "public"."ConversationParticipant"."joinedAt", "public"."ConversationParticipant"."lastReadMessageId" FROM "public"."ConversationParticipant" WHERE "public"."ConversationParticipant"."conversationId" IN ($1,$2) OFFSET $3
prisma:query SELECT "public"."User"."id", "public"."User"."displayName", "public"."User"."username", "public"."User"."avatarUrl" FROM "public"."User" WHERE "public"."User"."id" IN ($1,$2,$3) OFFSET $4
prisma:query SELECT "public"."Message"."id", "public"."Message"."content", "public"."Message"."createdAt", "public"."Message"."senderId", "public"."Message"."conversationId" FROM "public"."Message" WHERE "public"."Message"."conversationId" IN ($1,$2) ORDER BY "public"."Message"."createdAt" DESC OFFSET $3
 GET /api/conversations 200 in 1115ms (next.js: 2ms, application-code: 1112ms)
[Socket] User cmn99740h0000vo4k95iobxmz joined their personal room
prisma:query SELECT 1
prisma:query SELECT "public"."Conversation"."id", "public"."Conversation"."type"::text, "public"."Conversation"."groupName", "public"."Conversation"."groupAvatar", "public"."Conversation"."createdById", "public"."Conversation"."createdAt", "public"."Conversation"."updatedAt" FROM "public"."Conversation" WHERE EXISTS(SELECT "t0"."conversationId" FROM "public"."ConversationParticipant" AS "t0" WHERE ("t0"."userId" = $1 AND ("public"."Conversation"."id") = ("t0"."conversationId") AND "t0"."conversationId" IS NOT NULL)) ORDER BY "public"."Conversation"."updatedAt" DESC LIMIT $2 OFFSET $3
prisma:query SELECT "public"."ConversationParticipant"."id", "public"."ConversationParticipant"."conversationId", "public"."ConversationParticipant"."userId", "public"."ConversationParticipant"."role"::text, "public"."ConversationParticipant"."joinedAt", "public"."ConversationParticipant"."lastReadMessageId" FROM "public"."ConversationParticipant" WHERE "public"."ConversationParticipant"."conversationId" IN ($1,$2) OFFSET $3
prisma:query SELECT "public"."User"."id", "public"."User"."displayName", "public"."User"."username", "public"."User"."avatarUrl" FROM "public"."User" WHERE "public"."User"."id" IN ($1,$2,$3) OFFSET $4
prisma:query SELECT "public"."Message"."id", "public"."Message"."content", "public"."Message"."createdAt", "public"."Message"."senderId", "public"."Message"."conversationId" FROM "public"."Message" WHERE "public"."Message"."conversationId" IN ($1,$2) ORDER BY "public"."Message"."createdAt" DESC OFFSET $3
 GET /api/conversations 200 in 1349ms (next.js: 4ms, application-code: 1346ms)
prisma:query SELECT "public"."ConversationParticipant"."id", "public"."ConversationParticipant"."conversationId", "public"."ConversationParticipant"."userId", "public"."ConversationParticipant"."role"::text, "public"."ConversationParticipant"."joinedAt", "public"."ConversationParticipant"."lastReadMessageId" FROM "public"."ConversationParticipant" WHERE (("public"."ConversationParticipant"."conversationId" = $1 AND "public"."ConversationParticipant"."userId" = $2) AND 1=1) LIMIT $3 OFFSET $4
prisma:query SELECT "public"."Conversation"."id", "public"."Conversation"."type"::text, "public"."Conversation"."groupName", "public"."Conversation"."groupAvatar", "public"."Conversation"."createdById", "public"."Conversation"."createdAt", "public"."Conversation"."updatedAt" FROM "public"."Conversation" WHERE ("public"."Conversation"."id" = $1 AND 1=1) LIMIT $2 OFFSET $3
prisma:query SELECT "public"."ConversationParticipant"."id", "public"."ConversationParticipant"."conversationId", "public"."ConversationParticipant"."userId", "public"."ConversationParticipant"."role"::text, "public"."ConversationParticipant"."joinedAt", "public"."ConversationParticipant"."lastReadMessageId" FROM "public"."ConversationParticipant" WHERE "public"."ConversationParticipant"."conversationId" IN ($1) OFFSET $2
prisma:query SELECT "public"."User"."id", "public"."User"."displayName", "public"."User"."username" FROM "public"."User" WHERE "public"."User"."id" IN ($1,$2) OFFSET $3
prisma:query SELECT "public"."Message"."id", "public"."Message"."conversationId", "public"."Message"."senderId", "public"."Message"."content", "public"."Message"."messageType"::text, "public"."Message"."mediaUrl", "public"."Message"."reactions", "public"."Message"."createdAt", "public"."Message"."updatedAt", "public"."Message"."deletedAt" FROM "public"."Message" WHERE ("public"."Message"."deletedAt" IS NULL AND "public"."Message"."conversationId" IN ($1)) ORDER BY "public"."Message"."createdAt" ASC LIMIT $2 OFFSET $3
 GET /chat/cmn9dbkgf0004vov4sv3qjo7g 200 in 1376ms (next.js: 21ms, application-code: 1356ms)
 GET /api/auth/session 200 in 48ms (next.js: 22ms, application-code: 26ms)
 GET /api/auth/session 200 in 49ms (next.js: 6ms, application-code: 43ms)
prisma:query SELECT 1
prisma:query SELECT "public"."Conversation"."id", "public"."Conversation"."type"::text, "public"."Conversation"."groupName", "public"."Conversation"."groupAvatar", "public"."Conversation"."createdById", "public"."Conversation"."createdAt", "public"."Conversation"."updatedAt" FROM "public"."Conversation" WHERE EXISTS(SELECT "t0"."conversationId" FROM "public"."ConversationParticipant" AS "t0" WHERE ("t0"."userId" = $1 AND ("public"."Conversation"."id") = ("t0"."conversationId") AND "t0"."conversationId" IS NOT NULL)) ORDER BY "public"."Conversation"."updatedAt" DESC LIMIT $2 OFFSET $3
prisma:query SELECT "public"."ConversationParticipant"."id", "public"."ConversationParticipant"."conversationId", "public"."ConversationParticipant"."userId", "public"."ConversationParticipant"."role"::text, "public"."ConversationParticipant"."joinedAt", "public"."ConversationParticipant"."lastReadMessageId" FROM "public"."ConversationParticipant" WHERE "public"."ConversationParticipant"."conversationId" IN ($1) OFFSET $2
prisma:query SELECT "public"."User"."id", "public"."User"."displayName", "public"."User"."username", "public"."User"."avatarUrl" FROM "public"."User" WHERE "public"."User"."id" IN ($1,$2) OFFSET $3
prisma:query SELECT "public"."Message"."id", "public"."Message"."content", "public"."Message"."createdAt", "public"."Message"."senderId", "public"."Message"."conversationId" FROM "public"."Message" WHERE "public"."Message"."conversationId" IN ($1) ORDER BY "public"."Message"."createdAt" DESC LIMIT $2 OFFSET $3
 GET /api/conversations 200 in 1889ms (next.js: 6ms, application-code: 1883ms)
 GET /api/auth/session 200 in 43ms (next.js: 26ms, application-code: 17ms)
prisma:query SELECT "public"."ConversationParticipant"."id", "public"."ConversationParticipant"."conversationId", "public"."ConversationParticipant"."userId", "public"."ConversationParticipant"."role"::text, "public"."ConversationParticipant"."joinedAt", "public"."ConversationParticipant"."lastReadMessageId" FROM "public"."ConversationParticipant" WHERE (("public"."ConversationParticipant"."conversationId" = $1 AND "public"."ConversationParticipant"."userId" = $2) AND 1=1) LIMIT $3 OFFSET $4
prisma:query SELECT "public"."Conversation"."id", "public"."Conversation"."type"::text, "public"."Conversation"."groupName", "public"."Conversation"."groupAvatar", "public"."Conversation"."createdById", "public"."Conversation"."createdAt", "public"."Conversation"."updatedAt" FROM "public"."Conversation" WHERE ("public"."Conversation"."id" = $1 AND 1=1) LIMIT $2 OFFSET $3
prisma:query SELECT "public"."ConversationParticipant"."id", "public"."ConversationParticipant"."conversationId", "public"."ConversationParticipant"."userId", "public"."ConversationParticipant"."role"::text, "public"."ConversationParticipant"."joinedAt", "public"."ConversationParticipant"."lastReadMessageId" FROM "public"."ConversationParticipant" WHERE "public"."ConversationParticipant"."conversationId" IN ($1) OFFSET $2
prisma:query SELECT "public"."User"."id", "public"."User"."displayName", "public"."User"."username" FROM "public"."User" WHERE "public"."User"."id" IN ($1,$2) OFFSET $3
 GET /api/auth/session 200 in 31ms (next.js: 16ms, application-code: 15ms)
prisma:query SELECT "public"."Message"."id", "public"."Message"."conversationId", "public"."Message"."senderId", "public"."Message"."content", "public"."Message"."messageType"::text, "public"."Message"."mediaUrl", "public"."Message"."reactions", "public"."Message"."createdAt", "public"."Message"."updatedAt", "public"."Message"."deletedAt" FROM "public"."Message" WHERE ("public"."Message"."deletedAt" IS NULL AND "public"."Message"."conversationId" IN ($1)) ORDER BY "public"."Message"."createdAt" ASC LIMIT $2 OFFSET $3
 GET /chat/cmn9dbkgf0004vov4sv3qjo7g 200 in 5.1s (next.js: 16ms, application-code: 5.1s)
 GET /api/auth/session 200 in 33ms (next.js: 4ms, application-code: 29ms)
 GET /api/auth/session 200 in 28ms (next.js: 10ms, application-code: 19ms)
[Socket] User cmn99740h0000vo4k95iobxmz joined their personal room
prisma:query SELECT "public"."Conversation"."id", "public"."Conversation"."type"::text, "public"."Conversation"."groupName", "public"."Conversation"."groupAvatar", "public"."Conversation"."createdById", "public"."Conversation"."createdAt", "public"."Conversation"."updatedAt" FROM "public"."Conversation" WHERE EXISTS(SELECT "t0"."conversationId" FROM "public"."ConversationParticipant" AS "t0" WHERE ("t0"."userId" = $1 AND ("public"."Conversation"."id") = ("t0"."conversationId") AND "t0"."conversationId" IS NOT NULL)) ORDER BY "public"."Conversation"."updatedAt" DESC LIMIT $2 OFFSET $3
 GET /api/auth/session 200 in 26ms (next.js: 14ms, application-code: 12ms)
prisma:query SELECT "public"."ConversationParticipant"."id", "public"."ConversationParticipant"."conversationId", "public"."ConversationParticipant"."userId", "public"."ConversationParticipant"."role"::text, "public"."ConversationParticipant"."joinedAt", "public"."ConversationParticipant"."lastReadMessageId" FROM "public"."ConversationParticipant" WHERE "public"."ConversationParticipant"."conversationId" IN ($1,$2) OFFSET $3
 GET /api/auth/session 200 in 48ms (next.js: 6ms, application-code: 42ms)
prisma:query SELECT "public"."User"."id", "public"."User"."displayName", "public"."User"."username", "public"."User"."avatarUrl" FROM "public"."User" WHERE "public"."User"."id" IN ($1,$2,$3) OFFSET $4
prisma:query SELECT "public"."Message"."id", "public"."Message"."content", "public"."Message"."createdAt", "public"."Message"."senderId", "public"."Message"."conversationId" FROM "public"."Message" WHERE "public"."Message"."conversationId" IN ($1,$2) ORDER BY "public"."Message"."createdAt" DESC OFFSET $3
 GET /api/conversations 200 in 2.3s (next.js: 11ms, application-code: 2.2s)
 GET /api/auth/session 200 in 43ms (next.js: 15ms, application-code: 28ms)
 GET /api/auth/session 200 in 45ms (next.js: 16ms, application-code: 29ms)
 GET /api/auth/session 200 in 15ms (next.js: 4ms, application-code: 11ms)
 GET /api/auth/session 200 in 41ms (next.js: 14ms, application-code: 26ms)
 GET /api/auth/session 200 in 45ms (next.js: 6ms, application-code: 39ms)
 GET /api/auth/session 200 in 46ms (next.js: 5ms, application-code: 41ms)
[Socket] User cmn9db9o00002vov4iecklfex joined their personal room
prisma:query SELECT 1
prisma:query SELECT "public"."Conversation"."id", "public"."Conversation"."type"::text, "public"."Conversation"."groupName", "public"."Conversation"."groupAvatar", "public"."Conversation"."createdById", "public"."Conversation"."createdAt", "public"."Conversation"."updatedAt" FROM "public"."Conversation" WHERE EXISTS(SELECT "t0"."conversationId" FROM "public"."ConversationParticipant" AS "t0" WHERE ("t0"."userId" = $1 AND ("public"."Conversation"."id") = ("t0"."conversationId") AND "t0"."conversationId" IS NOT NULL)) ORDER BY "public"."Conversation"."updatedAt" DESC LIMIT $2 OFFSET $3
prisma:query SELECT "public"."ConversationParticipant"."id", "public"."ConversationParticipant"."conversationId", "public"."ConversationParticipant"."userId", "public"."ConversationParticipant"."role"::text, "public"."ConversationParticipant"."joinedAt", "public"."ConversationParticipant"."lastReadMessageId" FROM "public"."ConversationParticipant" WHERE "public"."ConversationParticipant"."conversationId" IN ($1) OFFSET $2
prisma:query SELECT "public"."User"."id", "public"."User"."displayName", "public"."User"."username", "public"."User"."avatarUrl" FROM "public"."User" WHERE "public"."User"."id" IN ($1,$2) OFFSET $3
[Socket] User cmn9db9o00002vov4iecklfex joined their personal room
prisma:query SELECT "public"."Message"."id", "public"."Message"."content", "public"."Message"."createdAt", "public"."Message"."senderId", "public"."Message"."conversationId" FROM "public"."Message" WHERE "public"."Message"."conversationId" IN ($1) ORDER BY "public"."Message"."createdAt" DESC LIMIT $2 OFFSET $3
 GET /api/conversations 200 in 2.0s (next.js: 4ms, application-code: 2.0s)
prisma:query SELECT "public"."Conversation"."id", "public"."Conversation"."type"::text, "public"."Conversation"."groupName", "public"."Conversation"."groupAvatar", "public"."Conversation"."createdById", "public"."Conversation"."createdAt", "public"."Conversation"."updatedAt" FROM "public"."Conversation" WHERE EXISTS(SELECT "t0"."conversationId" FROM "public"."ConversationParticipant" AS "t0" WHERE ("t0"."userId" = $1 AND ("public"."Conversation"."id") = ("t0"."conversationId") AND "t0"."conversationId" IS NOT NULL)) ORDER BY "public"."Conversation"."updatedAt" DESC LIMIT $2 OFFSET $3
prisma:query SELECT "public"."ConversationParticipant"."id", "public"."ConversationParticipant"."conversationId", "public"."ConversationParticipant"."userId", "public"."ConversationParticipant"."role"::text, "public"."ConversationParticipant"."joinedAt", "public"."ConversationParticipant"."lastReadMessageId" FROM "public"."ConversationParticipant" WHERE "public"."ConversationParticipant"."conversationId" IN ($1) OFFSET $2
prisma:query SELECT "public"."User"."id", "public"."User"."displayName", "public"."User"."username", "public"."User"."avatarUrl" FROM "public"."User" WHERE "public"."User"."id" IN ($1,$2) OFFSET $3
prisma:query SELECT "public"."Message"."id", "public"."Message"."content", "public"."Message"."createdAt", "public"."Message"."senderId", "public"."Message"."conversationId" FROM "public"."Message" WHERE "public"."Message"."conversationId" IN ($1) ORDER BY "public"."Message"."createdAt" DESC LIMIT $2 OFFSET $3
 GET /api/conversations 200 in 1159ms (next.js: 5ms, application-code: 1154ms)
[Socket] User cmn99740h0000vo4k95iobxmz joined their personal room
prisma:query SELECT "public"."Conversation"."id", "public"."Conversation"."type"::text, "public"."Conversation"."groupName", "public"."Conversation"."groupAvatar", "public"."Conversation"."createdById", "public"."Conversation"."createdAt", "public"."Conversation"."updatedAt" FROM "public"."Conversation" WHERE EXISTS(SELECT "t0"."conversationId" FROM "public"."ConversationParticipant" AS "t0" WHERE ("t0"."userId" = $1 AND ("public"."Conversation"."id") = ("t0"."conversationId") AND "t0"."conversationId" IS NOT NULL)) ORDER BY "public"."Conversation"."updatedAt" DESC LIMIT $2 OFFSET $3
prisma:query SELECT "public"."ConversationParticipant"."id", "public"."ConversationParticipant"."conversationId", "public"."ConversationParticipant"."userId", "public"."ConversationParticipant"."role"::text, "public"."ConversationParticipant"."joinedAt", "public"."ConversationParticipant"."lastReadMessageId" FROM "public"."ConversationParticipant" WHERE "public"."ConversationParticipant"."conversationId" IN ($1,$2) OFFSET $3
prisma:query SELECT "public"."User"."id", "public"."User"."displayName", "public"."User"."username", "public"."User"."avatarUrl" FROM "public"."User" WHERE "public"."User"."id" IN ($1,$2,$3) OFFSET $4
prisma:query SELECT "public"."Message"."id", "public"."Message"."content", "public"."Message"."createdAt", "public"."Message"."senderId", "public"."Message"."conversationId" FROM "public"."Message" WHERE "public"."Message"."conversationId" IN ($1,$2) ORDER BY "public"."Message"."createdAt" DESC OFFSET $3
 GET /api/conversations 200 in 1103ms (next.js: 5ms, application-code: 1099ms)
 GET /api/auth/session 200 in 32ms (next.js: 14ms, application-code: 18ms)
